<?xml version="1.0" encoding="UTF-8"?>
<coverage generated="1758506856519" clover="3.2.0">
  <project timestamp="1758506856519" name="All files">
    <metrics statements="20" coveredstatements="17" conditionals="4" coveredconditionals="4" methods="6" coveredmethods="3" elements="30" coveredelements="24" complexity="0" loc="20" ncloc="20" packages="1" files="2" classes="2"/>
    <file name="Hero.tsx" path="/home/veras/Veras/scripts/old/node/dream-travel/src/components/Hero.tsx">
      <metrics statements="6" coveredstatements="6" conditionals="0" coveredconditionals="0" methods="1" coveredmethods="1"/>
      <line num="1" count="1" type="stmt"/>
      <line num="2" count="1" type="stmt"/>
      <line num="4" count="1" type="stmt"/>
      <line num="5" count="1" type="stmt"/>
      <line num="7" count="1" type="stmt"/>
      <line num="20" count="1" type="stmt"/>
    </file>
    <file name="Navbar.tsx" path="/home/veras/Veras/scripts/old/node/dream-travel/src/components/Navbar.tsx">
      <metrics statements="14" coveredstatements="11" conditionals="4" coveredconditionals="4" methods="5" coveredmethods="2"/>
      <line num="1" count="1" type="stmt"/>
      <line num="2" count="1" type="stmt"/>
      <line num="3" count="1" type="stmt"/>
      <line num="4" count="1" type="stmt"/>
      <line num="6" count="1" type="stmt"/>
      <line num="7" count="5" type="stmt"/>
      <line num="8" count="5" type="stmt"/>
      <line num="9" count="5" type="stmt"/>
      <line num="11" count="5" type="stmt"/>
      <line num="12" count="0" type="stmt"/>
      <line num="15" count="5" type="stmt"/>
      <line num="62" count="0" type="stmt"/>
      <line num="63" count="0" type="stmt"/>
      <line num="73" count="1" type="stmt"/>
    </file>
  </project>
</coverage>
