{"/home/veras/Veras/scripts/old/node/dream-travel/src/components/Hero.tsx": {"path":"/home/veras/Veras/scripts/old/node/dream-travel/src/components/Hero.tsx","statementMap":{"0":{"start":{"line":1,"column":0},"end":{"line":1,"column":40}},"1":{"start":{"line":2,"column":0},"end":{"line":2,"column":47}},"2":{"start":{"line":4,"column":13},"end":{"line":18,"column":1}},"3":{"start":{"line":5,"column":16},"end":{"line":5,"column":32}},"4":{"start":{"line":7,"column":2},"end":{"line":17,"column":4}},"5":{"start":{"line":20,"column":0},"end":{"line":20,"column":20}}},"fnMap":{"0":{"name":"(anonymous_0)","decl":{"start":{"line":4,"column":13},"end":{"line":4,"column":16}},"loc":{"start":{"line":4,"column":18},"end":{"line":18,"column":1}}}},"branchMap":{},"s":{"0":1,"1":1,"2":1,"3":1,"4":1,"5":1},"f":{"0":1},"b":{}}
,"/home/veras/Veras/scripts/old/node/dream-travel/src/components/Navbar.tsx": {"path":"/home/veras/Veras/scripts/old/node/dream-travel/src/components/Navbar.tsx","statementMap":{"0":{"start":{"line":1,"column":0},"end":{"line":1,"column":47}},"1":{"start":{"line":2,"column":0},"end":{"line":2,"column":33}},"2":{"start":{"line":3,"column":0},"end":{"line":3,"column":40}},"3":{"start":{"line":4,"column":0},"end":{"line":4,"column":38}},"4":{"start":{"line":6,"column":15},"end":{"line":71,"column":1}},"5":{"start":{"line":7,"column":22},"end":{"line":7,"column":38}},"6":{"start":{"line":8,"column":46},"end":{"line":8,"column":60}},"7":{"start":{"line":9,"column":28},"end":{"line":9,"column":68}},"8":{"start":{"line":9,"column":34},"end":{"line":9,"column":68}},"9":{"start":{"line":11,"column":25},"end":{"line":13,"column":3}},"10":{"start":{"line":12,"column":4},"end":{"line":12,"column":29}},"11":{"start":{"line":15,"column":2},"end":{"line":70,"column":4}},"12":{"start":{"line":62,"column":69},"end":{"line":62,"column":89}},"13":{"start":{"line":63,"column":69},"end":{"line":63,"column":89}},"14":{"start":{"line":73,"column":0},"end":{"line":73,"column":22}}},"fnMap":{"0":{"name":"(anonymous_0)","decl":{"start":{"line":6,"column":15},"end":{"line":6,"column":18}},"loc":{"start":{"line":6,"column":20},"end":{"line":71,"column":1}}},"1":{"name":"(anonymous_1)","decl":{"start":{"line":9,"column":28},"end":{"line":9,"column":31}},"loc":{"start":{"line":9,"column":34},"end":{"line":9,"column":68}}},"2":{"name":"(anonymous_2)","decl":{"start":{"line":11,"column":25},"end":{"line":11,"column":26}},"loc":{"start":{"line":11,"column":41},"end":{"line":13,"column":3}}},"3":{"name":"(anonymous_3)","decl":{"start":{"line":62,"column":63},"end":{"line":62,"column":66}},"loc":{"start":{"line":62,"column":69},"end":{"line":62,"column":89}}},"4":{"name":"(anonymous_4)","decl":{"start":{"line":63,"column":63},"end":{"line":63,"column":66}},"loc":{"start":{"line":63,"column":69},"end":{"line":63,"column":89}}}},"branchMap":{"0":{"loc":{"start":{"line":29,"column":25},"end":{"line":29,"column":55}},"type":"cond-expr","locations":[{"start":{"line":29,"column":43},"end":{"line":29,"column":47}},{"start":{"line":29,"column":50},"end":{"line":29,"column":55}}]},"1":{"loc":{"start":{"line":37,"column":24},"end":{"line":37,"column":56}},"type":"cond-expr","locations":[{"start":{"line":37,"column":41},"end":{"line":37,"column":51}},{"start":{"line":37,"column":54},"end":{"line":37,"column":56}}]}},"s":{"0":1,"1":1,"2":1,"3":1,"4":1,"5":5,"6":5,"7":5,"8":2,"9":5,"10":0,"11":5,"12":0,"13":0,"14":1},"f":{"0":5,"1":2,"2":0,"3":0,"4":0},"b":{"0":[1,4],"1":[4,1]}}
}
