{"/home/veras/Veras/scripts/old/node/dream-travel/src/components/Hero.tsx": {"path":"/home/veras/Veras/scripts/old/node/dream-travel/src/components/Hero.tsx","statementMap":{"0":{"start":{"line":1,"column":0},"end":{"line":1,"column":40}},"1":{"start":{"line":3,"column":13},"end":{"line":15,"column":1}},"2":{"start":{"line":4,"column":2},"end":{"line":14,"column":4}},"3":{"start":{"line":17,"column":0},"end":{"line":17,"column":20}}},"fnMap":{"0":{"name":"(anonymous_0)","decl":{"start":{"line":3,"column":13},"end":{"line":3,"column":16}},"loc":{"start":{"line":3,"column":18},"end":{"line":15,"column":1}}}},"branchMap":{},"s":{"0":1,"1":1,"2":1,"3":1},"f":{"0":1},"b":{}}
,"/home/veras/Veras/scripts/old/node/dream-travel/src/components/Navbar.tsx": {"path":"/home/veras/Veras/scripts/old/node/dream-travel/src/components/Navbar.tsx","statementMap":{"0":{"start":{"line":1,"column":0},"end":{"line":1,"column":33}},"1":{"start":{"line":2,"column":0},"end":{"line":2,"column":40}},"2":{"start":{"line":3,"column":0},"end":{"line":3,"column":38}},"3":{"start":{"line":5,"column":15},"end":{"line":56,"column":1}},"4":{"start":{"line":6,"column":46},"end":{"line":6,"column":60}},"5":{"start":{"line":7,"column":28},"end":{"line":7,"column":68}},"6":{"start":{"line":7,"column":34},"end":{"line":7,"column":68}},"7":{"start":{"line":9,"column":2},"end":{"line":55,"column":4}},"8":{"start":{"line":58,"column":0},"end":{"line":58,"column":22}}},"fnMap":{"0":{"name":"(anonymous_0)","decl":{"start":{"line":5,"column":15},"end":{"line":5,"column":18}},"loc":{"start":{"line":5,"column":20},"end":{"line":56,"column":1}}},"1":{"name":"(anonymous_1)","decl":{"start":{"line":7,"column":28},"end":{"line":7,"column":31}},"loc":{"start":{"line":7,"column":34},"end":{"line":7,"column":68}}}},"branchMap":{"0":{"loc":{"start":{"line":23,"column":25},"end":{"line":23,"column":55}},"type":"cond-expr","locations":[{"start":{"line":23,"column":43},"end":{"line":23,"column":47}},{"start":{"line":23,"column":50},"end":{"line":23,"column":55}}]},"1":{"loc":{"start":{"line":31,"column":24},"end":{"line":31,"column":56}},"type":"cond-expr","locations":[{"start":{"line":31,"column":41},"end":{"line":31,"column":51}},{"start":{"line":31,"column":54},"end":{"line":31,"column":56}}]}},"s":{"0":1,"1":1,"2":1,"3":1,"4":5,"5":5,"6":2,"7":5,"8":1},"f":{"0":5,"1":2},"b":{"0":[1,4],"1":[4,1]}}
}
