TN:
SF:src/components/Hero.tsx
FN:4,(anonymous_0)
FNF:1
FNH:1
FNDA:1,(anonymous_0)
DA:1,1
DA:2,1
DA:4,1
DA:5,1
DA:7,1
DA:20,1
LF:6
LH:6
BRF:0
BRH:0
end_of_record
TN:
SF:src/components/Navbar.tsx
FN:6,(anonymous_0)
FN:9,(anonymous_1)
FN:11,(anonymous_2)
FN:62,(anonymous_3)
FN:63,(anonymous_4)
FNF:5
FNH:2
FNDA:5,(anonymous_0)
FNDA:2,(anonymous_1)
FNDA:0,(anonymous_2)
FNDA:0,(anonymous_3)
FNDA:0,(anonymous_4)
DA:1,1
DA:2,1
DA:3,1
DA:4,1
DA:6,1
DA:7,5
DA:8,5
DA:9,5
DA:11,5
DA:12,0
DA:15,5
DA:62,0
DA:63,0
DA:73,1
LF:14
LH:11
BRDA:29,0,0,1
BRDA:29,0,1,4
BRDA:37,1,0,4
BRDA:37,1,1,1
BRF:4
BRH:4
end_of_record
